[14:52:40] [main/INFO]: Completely ignored arguments: [release]
[14:52:44] [Datafixer Bootstrap/INFO]: 198 Datafixer optimizations took 150 milliseconds
[14:52:45] [main/WARN]: Unrecognized user type: --versionType
[14:52:45] [Render thread/INFO]: Environment: Environment[sessionHost=https://sessionserver.mojang.com, servicesHost=https://api.minecraftservices.com, name=PROD]
[14:52:45] [Render thread/INFO]: Setting user: testName
[14:52:45] [Render thread/INFO]: Backend library: LWJGL version 3.3.2+13
[14:52:46] [Download-2/ERROR]: Failed to fetch user properties
com.mojang.authlib.exceptions.InvalidCredentialsException: Status: 401
	at com.mojang.authlib.exceptions.MinecraftClientHttpException.toAuthenticationException(MinecraftClientHttpException.java:59) ~[authlib-6.0.52.jar:?]
	at com.mojang.authlib.yggdrasil.YggdrasilUserApiService.fetchProperties(YggdrasilUserApiService.java:150) ~[authlib-6.0.52.jar:?]
	at evi.bL(SourceFile:467) ~[1.20.4.jar:?]
	at java.util.concurrent.CompletableFuture$AsyncSupply.run(Unknown Source) ~[?:?]
	at java.util.concurrent.ThreadPoolExecutor.runWorker(Unknown Source) ~[?:?]
	at java.util.concurrent.ThreadPoolExecutor$Worker.run(Unknown Source) ~[?:?]
	at java.lang.Thread.run(Unknown Source) ~[?:?]
Caused by: com.mojang.authlib.exceptions.MinecraftClientHttpException: Status: 401
	at com.mojang.authlib.minecraft.client.MinecraftClient.readInputStream(MinecraftClient.java:100) ~[authlib-6.0.52.jar:?]
	at com.mojang.authlib.minecraft.client.MinecraftClient.get(MinecraftClient.java:57) ~[authlib-6.0.52.jar:?]
	at com.mojang.authlib.yggdrasil.YggdrasilUserApiService.fetchProperties(YggdrasilUserApiService.java:121) ~[authlib-6.0.52.jar:?]
	... 5 more
[14:52:46] [Render thread/WARN]: Removed resource pack Supplementaries Generated Pack from options because it doesn't seem to exist anymore
[14:52:46] [Render thread/WARN]: Removed resource pack file/BareBones1.19.zip from options because it is no longer compatible
[14:52:46] [Render thread/WARN]: Removed resource pack file/undefined-Totem-pv9.zip from options because it is no longer compatible
[14:52:46] [Render thread/WARN]: Removed resource pack Immersive Weathering Generated Pack from options because it doesn't seem to exist anymore
[14:52:46] [Render thread/WARN]: Removed resource pack seasons/seasonal_lush_caves from options because it doesn't seem to exist anymore
[14:52:46] [Render thread/WARN]: Removed resource pack file/F8thful - v4.0.zip from options because it is no longer compatible
[14:52:47] [Render thread/INFO]: Reloading ResourceManager: vanilla, file/Bare+Metals+1.1+1.20.1.zip
[14:52:47] [Worker-Main-12/INFO]: Found unifont_all_no_pua-15.1.04.hex, loading
[14:52:49] [Render thread/WARN]: Missing sound for event: minecraft:item.goat_horn.play
[14:52:49] [Render thread/WARN]: Missing sound for event: minecraft:entity.goat.screaming.horn_break
[14:52:49] [Render thread/INFO]: OpenAL initialized on device OpenAL Soft on Speaker (Realtek(R) Audio)
[14:52:49] [Render thread/INFO]: Sound engine started
[14:52:50] [Render thread/INFO]: Created: 2048x1024x4 minecraft:textures/atlas/blocks.png-atlas
[14:52:50] [Render thread/INFO]: Created: 256x256x4 minecraft:textures/atlas/signs.png-atlas
[14:52:50] [Render thread/INFO]: Created: 512x512x4 minecraft:textures/atlas/shield_patterns.png-atlas
[14:52:50] [Render thread/INFO]: Created: 512x512x4 minecraft:textures/atlas/banner_patterns.png-atlas
[14:52:50] [Render thread/INFO]: Created: 1024x1024x4 minecraft:textures/atlas/armor_trims.png-atlas
[14:52:50] [Render thread/INFO]: Created: 128x64x4 minecraft:textures/atlas/decorated_pot.png-atlas
[14:52:50] [Render thread/INFO]: Created: 256x256x4 minecraft:textures/atlas/chest.png-atlas
[14:52:50] [Render thread/INFO]: Created: 512x256x4 minecraft:textures/atlas/beds.png-atlas
[14:52:50] [Render thread/INFO]: Created: 512x256x4 minecraft:textures/atlas/shulker_boxes.png-atlas
[14:52:50] [Render thread/WARN]: Shader rendertype_entity_translucent_emissive could not find sampler named Sampler2 in the specified shader program.
[14:52:50] [Render thread/INFO]: Created: 512x256x0 minecraft:textures/atlas/particles.png-atlas
[14:52:50] [Render thread/INFO]: Created: 256x256x0 minecraft:textures/atlas/paintings.png-atlas
[14:52:50] [Render thread/INFO]: Created: 128x128x0 minecraft:textures/atlas/mob_effects.png-atlas
[14:52:50] [Render thread/INFO]: Created: 1024x512x0 minecraft:textures/atlas/gui.png-atlas
[14:52:51] [IO-Worker-1/INFO]: Could not authorize you against Realms server: Invalid session id
[14:52:51] [IO-Worker-1/ERROR]: Couldn't connect to realms
ese: Realms authentication error with message 'Invalid session id'
	at eqr.a(SourceFile:447) ~[1.20.4.jar:?]
	at eqr.g(SourceFile:232) ~[1.20.4.jar:?]
	at eql.c(SourceFile:45) ~[1.20.4.jar:?]
	at java.util.concurrent.CompletableFuture$AsyncSupply.run(Unknown Source) ~[?:?]
	at java.util.concurrent.ThreadPoolExecutor.runWorker(Unknown Source) ~[?:?]
	at java.util.concurrent.ThreadPoolExecutor$Worker.run(Unknown Source) ~[?:?]
	at java.lang.Thread.run(Unknown Source) ~[?:?]
[14:52:55] [Render thread/INFO]: Stopping!
